<?xml version="1.0" encoding="UTF-8"?>
<testng-results skipped="0" failed="0" total="1" passed="1">
  <reporter-output>
  </reporter-output>
  <suite name="Default suite" duration-ms="26" started-at="2016-10-30T22:16:48Z" finished-at="2016-10-30T22:16:48Z">
    <groups>
    </groups>
    <test name="Default test" duration-ms="26" started-at="2016-10-30T22:16:48Z" finished-at="2016-10-30T22:16:48Z">
      <class name="amazon.Amazon">
        <test-method status="PASS" signature="f()[pri:0, instance:amazon.Amazon@28feb3fa]" name="f" duration-ms="9" started-at="2016-10-30T18:16:48Z" finished-at="2016-10-30T18:16:48Z">
          <reporter-output>
          </reporter-output>
        </test-method> <!-- f -->
      </class> <!-- amazon.Amazon -->
    </test> <!-- Default test -->
  </suite> <!-- Default suite -->
</testng-results>
